2021-12-15 08:02:16,210  INFO [main] Base:61 - Application Launched succefully
2021-12-15 08:02:33,082  INFO [main] Base:67 - Browser closed successfully
2021-12-15 08:02:58,419  INFO [main] Base:61 - Application Launched succefully
2021-12-15 08:03:15,544  INFO [main] Base:67 - Browser closed successfully
2021-12-15 08:03:42,336  INFO [main] Base:61 - Application Launched succefully
2021-12-15 08:04:09,903  INFO [main] Base:67 - Browser closed successfully
2021-12-15 08:04:32,910  INFO [main] Base:61 - Application Launched succefully
2021-12-15 08:05:01,272  INFO [main] Base:67 - Browser closed successfully
2021-12-15 08:05:29,775  INFO [main] Base:61 - Application Launched succefully
2021-12-15 08:05:56,563  INFO [main] Base:67 - Browser closed successfully
2021-12-15 08:06:18,672  INFO [main] Base:61 - Application Launched succefully
2021-12-15 08:06:44,090  INFO [main] Base:67 - Browser closed successfully
2021-12-15 08:07:00,642  INFO [main] Base:61 - Application Launched succefully
2021-12-15 08:07:25,720  INFO [main] Base:67 - Browser closed successfully
2021-12-15 08:07:49,568  INFO [main] Base:61 - Application Launched succefully
2021-12-15 08:07:51,613  INFO [main] Base:67 - Browser closed successfully
2021-12-15 08:08:13,770  INFO [main] Base:61 - Application Launched succefully
2021-12-15 08:08:46,344  INFO [main] Base:67 - Browser closed successfully
2021-12-15 08:08:47,656 DEBUG [main] cache:45 - Couldn't find template in cache for "spark/spark.spa.ftl"("en_IN", UTF-8, parsed); will try to load it.
2021-12-15 08:08:47,659 DEBUG [main] cache:45 - TemplateLoader.findTemplateSource("spark/spark.spa_en_IN.ftl"): Not found
2021-12-15 08:08:47,663 DEBUG [main] cache:45 - TemplateLoader.findTemplateSource("spark/spark.spa_en.ftl"): Not found
2021-12-15 08:08:47,667 DEBUG [main] cache:45 - TemplateLoader.findTemplateSource("spark/spark.spa.ftl"): Found
2021-12-15 08:08:47,668 DEBUG [main] cache:45 - Loading template for "spark/spark.spa.ftl"("en_IN", UTF-8, parsed) from "jar:file:/C:/Users/Lenovo/.m2/repository/com/aventstack/extentreports/5.0.8/extentreports-5.0.8.jar!/com/aventstack/extentreports/templates/spark/spark.spa.ftl"
2021-12-15 08:08:48,327 DEBUG [main] cache:45 - Couldn't find template in cache for "commons/commons-variables.ftl"("en_IN", UTF-8, parsed); will try to load it.
2021-12-15 08:08:48,329 DEBUG [main] cache:45 - TemplateLoader.findTemplateSource("commons/commons-variables_en_IN.ftl"): Not found
2021-12-15 08:08:48,343 DEBUG [main] cache:45 - TemplateLoader.findTemplateSource("commons/commons-variables_en.ftl"): Not found
2021-12-15 08:08:48,344 DEBUG [main] cache:45 - TemplateLoader.findTemplateSource("commons/commons-variables.ftl"): Found
2021-12-15 08:08:48,345 DEBUG [main] cache:45 - Loading template for "commons/commons-variables.ftl"("en_IN", UTF-8, parsed) from "jar:file:/C:/Users/Lenovo/.m2/repository/com/aventstack/extentreports/5.0.8/extentreports-5.0.8.jar!/com/aventstack/extentreports/templates/commons/commons-variables.ftl"
2021-12-15 08:08:49,125 DEBUG [main] cache:45 - Couldn't find template in cache for "commons/commons-macros.ftl"("en_IN", UTF-8, parsed); will try to load it.
2021-12-15 08:08:49,127 DEBUG [main] cache:45 - TemplateLoader.findTemplateSource("commons/commons-macros_en_IN.ftl"): Not found
2021-12-15 08:08:49,129 DEBUG [main] cache:45 - TemplateLoader.findTemplateSource("commons/commons-macros_en.ftl"): Not found
2021-12-15 08:08:49,131 DEBUG [main] cache:45 - TemplateLoader.findTemplateSource("commons/commons-macros.ftl"): Found
2021-12-15 08:08:49,131 DEBUG [main] cache:45 - Loading template for "commons/commons-macros.ftl"("en_IN", UTF-8, parsed) from "jar:file:/C:/Users/Lenovo/.m2/repository/com/aventstack/extentreports/5.0.8/extentreports-5.0.8.jar!/com/aventstack/extentreports/templates/commons/commons-macros.ftl"
2021-12-15 08:08:49,167 DEBUG [main] cache:45 - Couldn't find template in cache for "spark/macros/attributes.ftl"("en_IN", UTF-8, parsed); will try to load it.
2021-12-15 08:08:49,169 DEBUG [main] cache:45 - TemplateLoader.findTemplateSource("spark/macros/attributes_en_IN.ftl"): Not found
2021-12-15 08:08:49,170 DEBUG [main] cache:45 - TemplateLoader.findTemplateSource("spark/macros/attributes_en.ftl"): Not found
2021-12-15 08:08:49,171 DEBUG [main] cache:45 - TemplateLoader.findTemplateSource("spark/macros/attributes.ftl"): Found
2021-12-15 08:08:49,172 DEBUG [main] cache:45 - Loading template for "spark/macros/attributes.ftl"("en_IN", UTF-8, parsed) from "jar:file:/C:/Users/Lenovo/.m2/repository/com/aventstack/extentreports/5.0.8/extentreports-5.0.8.jar!/com/aventstack/extentreports/templates/spark/macros/attributes.ftl"
2021-12-15 08:08:49,178 DEBUG [main] cache:45 - Couldn't find template in cache for "spark/macros/log.ftl"("en_IN", UTF-8, parsed); will try to load it.
2021-12-15 08:08:49,180 DEBUG [main] cache:45 - TemplateLoader.findTemplateSource("spark/macros/log_en_IN.ftl"): Not found
2021-12-15 08:08:49,183 DEBUG [main] cache:45 - TemplateLoader.findTemplateSource("spark/macros/log_en.ftl"): Not found
2021-12-15 08:08:49,184 DEBUG [main] cache:45 - TemplateLoader.findTemplateSource("spark/macros/log.ftl"): Found
2021-12-15 08:08:49,185 DEBUG [main] cache:45 - Loading template for "spark/macros/log.ftl"("en_IN", UTF-8, parsed) from "jar:file:/C:/Users/Lenovo/.m2/repository/com/aventstack/extentreports/5.0.8/extentreports-5.0.8.jar!/com/aventstack/extentreports/templates/spark/macros/log.ftl"
2021-12-15 08:08:49,191 DEBUG [main] cache:45 - Couldn't find template in cache for "spark/macros/recurse_nodes.ftl"("en_IN", UTF-8, parsed); will try to load it.
2021-12-15 08:08:49,193 DEBUG [main] cache:45 - TemplateLoader.findTemplateSource("spark/macros/recurse_nodes_en_IN.ftl"): Not found
2021-12-15 08:08:49,194 DEBUG [main] cache:45 - TemplateLoader.findTemplateSource("spark/macros/recurse_nodes_en.ftl"): Not found
2021-12-15 08:08:49,196 DEBUG [main] cache:45 - TemplateLoader.findTemplateSource("spark/macros/recurse_nodes.ftl"): Found
2021-12-15 08:08:49,196 DEBUG [main] cache:45 - Loading template for "spark/macros/recurse_nodes.ftl"("en_IN", UTF-8, parsed) from "jar:file:/C:/Users/Lenovo/.m2/repository/com/aventstack/extentreports/5.0.8/extentreports-5.0.8.jar!/com/aventstack/extentreports/templates/spark/macros/recurse_nodes.ftl"
2021-12-15 08:08:49,208 DEBUG [main] cache:45 - "spark/macros/log.ftl"("en_IN", UTF-8, parsed) cached copy not yet stale; using cached.
2021-12-15 08:08:49,209 DEBUG [main] cache:45 - Couldn't find template in cache for "spark/macros/attr-common.ftl"("en_IN", UTF-8, parsed); will try to load it.
2021-12-15 08:08:49,210 DEBUG [main] cache:45 - TemplateLoader.findTemplateSource("spark/macros/attr-common_en_IN.ftl"): Not found
2021-12-15 08:08:49,212 DEBUG [main] cache:45 - TemplateLoader.findTemplateSource("spark/macros/attr-common_en.ftl"): Not found
2021-12-15 08:08:49,213 DEBUG [main] cache:45 - TemplateLoader.findTemplateSource("spark/macros/attr-common.ftl"): Found
2021-12-15 08:08:49,214 DEBUG [main] cache:45 - Loading template for "spark/macros/attr-common.ftl"("en_IN", UTF-8, parsed) from "jar:file:/C:/Users/Lenovo/.m2/repository/com/aventstack/extentreports/5.0.8/extentreports-5.0.8.jar!/com/aventstack/extentreports/templates/spark/macros/attr-common.ftl"
2021-12-15 08:08:49,243 DEBUG [main] cache:45 - Couldn't find template in cache for "spark/partials/head.ftl"("en_IN", UTF-8, parsed); will try to load it.
2021-12-15 08:08:49,245 DEBUG [main] cache:45 - TemplateLoader.findTemplateSource("spark/partials/head_en_IN.ftl"): Not found
2021-12-15 08:08:49,247 DEBUG [main] cache:45 - TemplateLoader.findTemplateSource("spark/partials/head_en.ftl"): Not found
2021-12-15 08:08:49,248 DEBUG [main] cache:45 - TemplateLoader.findTemplateSource("spark/partials/head.ftl"): Found
2021-12-15 08:08:49,249 DEBUG [main] cache:45 - Loading template for "spark/partials/head.ftl"("en_IN", UTF-8, parsed) from "jar:file:/C:/Users/Lenovo/.m2/repository/com/aventstack/extentreports/5.0.8/extentreports-5.0.8.jar!/com/aventstack/extentreports/templates/spark/partials/head.ftl"
2021-12-15 08:08:49,257 DEBUG [main] cache:45 - Couldn't find template in cache for "commons/commons-inject-css.ftl"("en_IN", UTF-8, parsed); will try to load it.
2021-12-15 08:08:49,259 DEBUG [main] cache:45 - TemplateLoader.findTemplateSource("commons/commons-inject-css_en_IN.ftl"): Not found
2021-12-15 08:08:49,261 DEBUG [main] cache:45 - TemplateLoader.findTemplateSource("commons/commons-inject-css_en.ftl"): Not found
2021-12-15 08:08:49,262 DEBUG [main] cache:45 - TemplateLoader.findTemplateSource("commons/commons-inject-css.ftl"): Found
2021-12-15 08:08:49,263 DEBUG [main] cache:45 - Loading template for "commons/commons-inject-css.ftl"("en_IN", UTF-8, parsed) from "jar:file:/C:/Users/Lenovo/.m2/repository/com/aventstack/extentreports/5.0.8/extentreports-5.0.8.jar!/com/aventstack/extentreports/templates/commons/commons-inject-css.ftl"
2021-12-15 08:08:49,266 DEBUG [main] cache:45 - Couldn't find template in cache for "spark/partials/navbar.ftl"("en_IN", UTF-8, parsed); will try to load it.
2021-12-15 08:08:49,269 DEBUG [main] cache:45 - TemplateLoader.findTemplateSource("spark/partials/navbar_en_IN.ftl"): Not found
2021-12-15 08:08:49,271 DEBUG [main] cache:45 - TemplateLoader.findTemplateSource("spark/partials/navbar_en.ftl"): Not found
2021-12-15 08:08:49,272 DEBUG [main] cache:45 - TemplateLoader.findTemplateSource("spark/partials/navbar.ftl"): Found
2021-12-15 08:08:49,275 DEBUG [main] cache:45 - Loading template for "spark/partials/navbar.ftl"("en_IN", UTF-8, parsed) from "jar:file:/C:/Users/Lenovo/.m2/repository/com/aventstack/extentreports/5.0.8/extentreports-5.0.8.jar!/com/aventstack/extentreports/templates/spark/partials/navbar.ftl"
2021-12-15 08:08:49,299 DEBUG [main] cache:45 - Couldn't find template in cache for "spark/partials/sidenav.ftl"("en_IN", UTF-8, parsed); will try to load it.
2021-12-15 08:08:49,301 DEBUG [main] cache:45 - TemplateLoader.findTemplateSource("spark/partials/sidenav_en_IN.ftl"): Not found
2021-12-15 08:08:49,302 DEBUG [main] cache:45 - TemplateLoader.findTemplateSource("spark/partials/sidenav_en.ftl"): Not found
2021-12-15 08:08:49,304 DEBUG [main] cache:45 - TemplateLoader.findTemplateSource("spark/partials/sidenav.ftl"): Found
2021-12-15 08:08:49,305 DEBUG [main] cache:45 - Loading template for "spark/partials/sidenav.ftl"("en_IN", UTF-8, parsed) from "jar:file:/C:/Users/Lenovo/.m2/repository/com/aventstack/extentreports/5.0.8/extentreports-5.0.8.jar!/com/aventstack/extentreports/templates/spark/partials/sidenav.ftl"
2021-12-15 08:08:49,387 DEBUG [main] cache:45 - Couldn't find template in cache for "spark/partials/test.ftl"("en_IN", UTF-8, parsed); will try to load it.
2021-12-15 08:08:49,389 DEBUG [main] cache:45 - TemplateLoader.findTemplateSource("spark/partials/test_en_IN.ftl"): Not found
2021-12-15 08:08:49,390 DEBUG [main] cache:45 - TemplateLoader.findTemplateSource("spark/partials/test_en.ftl"): Not found
2021-12-15 08:08:49,392 DEBUG [main] cache:45 - TemplateLoader.findTemplateSource("spark/partials/test.ftl"): Found
2021-12-15 08:08:49,393 DEBUG [main] cache:45 - Loading template for "spark/partials/test.ftl"("en_IN", UTF-8, parsed) from "jar:file:/C:/Users/Lenovo/.m2/repository/com/aventstack/extentreports/5.0.8/extentreports-5.0.8.jar!/com/aventstack/extentreports/templates/spark/partials/test.ftl"
2021-12-15 08:08:49,433 DEBUG [main] cache:45 - Couldn't find template in cache for "spark/partials/standard-content.ftl"("en_IN", UTF-8, parsed); will try to load it.
2021-12-15 08:08:49,435 DEBUG [main] cache:45 - TemplateLoader.findTemplateSource("spark/partials/standard-content_en_IN.ftl"): Not found
2021-12-15 08:08:49,436 DEBUG [main] cache:45 - TemplateLoader.findTemplateSource("spark/partials/standard-content_en.ftl"): Not found
2021-12-15 08:08:49,437 DEBUG [main] cache:45 - TemplateLoader.findTemplateSource("spark/partials/standard-content.ftl"): Found
2021-12-15 08:08:49,438 DEBUG [main] cache:45 - Loading template for "spark/partials/standard-content.ftl"("en_IN", UTF-8, parsed) from "jar:file:/C:/Users/Lenovo/.m2/repository/com/aventstack/extentreports/5.0.8/extentreports-5.0.8.jar!/com/aventstack/extentreports/templates/spark/partials/standard-content.ftl"
2021-12-15 08:08:49,450 DEBUG [main] cache:45 - "spark/partials/standard-content.ftl"("en_IN", UTF-8, parsed) cached copy not yet stale; using cached.
2021-12-15 08:08:49,453 DEBUG [main] cache:45 - "spark/partials/standard-content.ftl"("en_IN", UTF-8, parsed) cached copy not yet stale; using cached.
2021-12-15 08:08:49,490 DEBUG [main] cache:45 - "spark/partials/standard-content.ftl"("en_IN", UTF-8, parsed) cached copy not yet stale; using cached.
2021-12-15 08:08:49,497 DEBUG [main] cache:45 - "spark/partials/standard-content.ftl"("en_IN", UTF-8, parsed) cached copy not yet stale; using cached.
2021-12-15 08:08:49,502 DEBUG [main] cache:45 - "spark/partials/standard-content.ftl"("en_IN", UTF-8, parsed) cached copy not yet stale; using cached.
2021-12-15 08:08:49,505 DEBUG [main] cache:45 - "spark/partials/standard-content.ftl"("en_IN", UTF-8, parsed) cached copy not yet stale; using cached.
2021-12-15 08:08:49,510 DEBUG [main] cache:45 - "spark/partials/standard-content.ftl"("en_IN", UTF-8, parsed) cached copy not yet stale; using cached.
2021-12-15 08:08:49,513 DEBUG [main] cache:45 - "spark/partials/standard-content.ftl"("en_IN", UTF-8, parsed) cached copy not yet stale; using cached.
2021-12-15 08:08:49,514 DEBUG [main] cache:45 - Couldn't find template in cache for "spark/partials/exception.ftl"("en_IN", UTF-8, parsed); will try to load it.
2021-12-15 08:08:49,515 DEBUG [main] cache:45 - TemplateLoader.findTemplateSource("spark/partials/exception_en_IN.ftl"): Not found
2021-12-15 08:08:49,518 DEBUG [main] cache:45 - TemplateLoader.findTemplateSource("spark/partials/exception_en.ftl"): Not found
2021-12-15 08:08:49,524 DEBUG [main] cache:45 - TemplateLoader.findTemplateSource("spark/partials/exception.ftl"): Found
2021-12-15 08:08:49,525 DEBUG [main] cache:45 - Loading template for "spark/partials/exception.ftl"("en_IN", UTF-8, parsed) from "jar:file:/C:/Users/Lenovo/.m2/repository/com/aventstack/extentreports/5.0.8/extentreports-5.0.8.jar!/com/aventstack/extentreports/templates/spark/partials/exception.ftl"
2021-12-15 08:08:49,529 DEBUG [main] cache:45 - Couldn't find template in cache for "spark/partials/category.ftl"("en_IN", UTF-8, parsed); will try to load it.
2021-12-15 08:08:49,531 DEBUG [main] cache:45 - TemplateLoader.findTemplateSource("spark/partials/category_en_IN.ftl"): Not found
2021-12-15 08:08:49,534 DEBUG [main] cache:45 - TemplateLoader.findTemplateSource("spark/partials/category_en.ftl"): Not found
2021-12-15 08:08:49,536 DEBUG [main] cache:45 - TemplateLoader.findTemplateSource("spark/partials/category.ftl"): Found
2021-12-15 08:08:49,537 DEBUG [main] cache:45 - Loading template for "spark/partials/category.ftl"("en_IN", UTF-8, parsed) from "jar:file:/C:/Users/Lenovo/.m2/repository/com/aventstack/extentreports/5.0.8/extentreports-5.0.8.jar!/com/aventstack/extentreports/templates/spark/partials/category.ftl"
2021-12-15 08:08:49,546 DEBUG [main] cache:45 - Couldn't find template in cache for "spark/partials/device.ftl"("en_IN", UTF-8, parsed); will try to load it.
2021-12-15 08:08:49,547 DEBUG [main] cache:45 - TemplateLoader.findTemplateSource("spark/partials/device_en_IN.ftl"): Not found
2021-12-15 08:08:49,549 DEBUG [main] cache:45 - TemplateLoader.findTemplateSource("spark/partials/device_en.ftl"): Not found
2021-12-15 08:08:49,551 DEBUG [main] cache:45 - TemplateLoader.findTemplateSource("spark/partials/device.ftl"): Found
2021-12-15 08:08:49,552 DEBUG [main] cache:45 - Loading template for "spark/partials/device.ftl"("en_IN", UTF-8, parsed) from "jar:file:/C:/Users/Lenovo/.m2/repository/com/aventstack/extentreports/5.0.8/extentreports-5.0.8.jar!/com/aventstack/extentreports/templates/spark/partials/device.ftl"
2021-12-15 08:08:49,556 DEBUG [main] cache:45 - Couldn't find template in cache for "spark/partials/author.ftl"("en_IN", UTF-8, parsed); will try to load it.
2021-12-15 08:08:49,557 DEBUG [main] cache:45 - TemplateLoader.findTemplateSource("spark/partials/author_en_IN.ftl"): Not found
2021-12-15 08:08:49,559 DEBUG [main] cache:45 - TemplateLoader.findTemplateSource("spark/partials/author_en.ftl"): Not found
2021-12-15 08:08:49,560 DEBUG [main] cache:45 - TemplateLoader.findTemplateSource("spark/partials/author.ftl"): Found
2021-12-15 08:08:49,561 DEBUG [main] cache:45 - Loading template for "spark/partials/author.ftl"("en_IN", UTF-8, parsed) from "jar:file:/C:/Users/Lenovo/.m2/repository/com/aventstack/extentreports/5.0.8/extentreports-5.0.8.jar!/com/aventstack/extentreports/templates/spark/partials/author.ftl"
2021-12-15 08:08:49,563 DEBUG [main] cache:45 - Couldn't find template in cache for "spark/partials/log.ftl"("en_IN", UTF-8, parsed); will try to load it.
2021-12-15 08:08:49,815 DEBUG [main] cache:45 - TemplateLoader.findTemplateSource("spark/partials/log_en_IN.ftl"): Not found
2021-12-15 08:08:49,819 DEBUG [main] cache:45 - TemplateLoader.findTemplateSource("spark/partials/log_en.ftl"): Not found
2021-12-15 08:08:49,821 DEBUG [main] cache:45 - TemplateLoader.findTemplateSource("spark/partials/log.ftl"): Found
2021-12-15 08:08:49,821 DEBUG [main] cache:45 - Loading template for "spark/partials/log.ftl"("en_IN", UTF-8, parsed) from "jar:file:/C:/Users/Lenovo/.m2/repository/com/aventstack/extentreports/5.0.8/extentreports-5.0.8.jar!/com/aventstack/extentreports/templates/spark/partials/log.ftl"
2021-12-15 08:08:49,825 DEBUG [main] cache:45 - Couldn't find template in cache for "spark/partials/dashboard.ftl"("en_IN", UTF-8, parsed); will try to load it.
2021-12-15 08:08:49,827 DEBUG [main] cache:45 - TemplateLoader.findTemplateSource("spark/partials/dashboard_en_IN.ftl"): Not found
2021-12-15 08:08:49,829 DEBUG [main] cache:45 - TemplateLoader.findTemplateSource("spark/partials/dashboard_en.ftl"): Not found
2021-12-15 08:08:49,831 DEBUG [main] cache:45 - TemplateLoader.findTemplateSource("spark/partials/dashboard.ftl"): Found
2021-12-15 08:08:49,832 DEBUG [main] cache:45 - Loading template for "spark/partials/dashboard.ftl"("en_IN", UTF-8, parsed) from "jar:file:/C:/Users/Lenovo/.m2/repository/com/aventstack/extentreports/5.0.8/extentreports-5.0.8.jar!/com/aventstack/extentreports/templates/spark/partials/dashboard.ftl"
2021-12-15 08:08:51,238 DEBUG [main] cache:45 - Couldn't find template in cache for "spark/partials/scripts.ftl"("en_IN", UTF-8, parsed); will try to load it.
2021-12-15 08:08:51,240 DEBUG [main] cache:45 - TemplateLoader.findTemplateSource("spark/partials/scripts_en_IN.ftl"): Not found
2021-12-15 08:08:51,242 DEBUG [main] cache:45 - TemplateLoader.findTemplateSource("spark/partials/scripts_en.ftl"): Not found
2021-12-15 08:08:51,244 DEBUG [main] cache:45 - TemplateLoader.findTemplateSource("spark/partials/scripts.ftl"): Found
2021-12-15 08:08:51,245 DEBUG [main] cache:45 - Loading template for "spark/partials/scripts.ftl"("en_IN", UTF-8, parsed) from "jar:file:/C:/Users/Lenovo/.m2/repository/com/aventstack/extentreports/5.0.8/extentreports-5.0.8.jar!/com/aventstack/extentreports/templates/spark/partials/scripts.ftl"
2021-12-15 08:08:51,248 DEBUG [main] cache:45 - Couldn't find template in cache for "commons/commons-inject-js.ftl"("en_IN", UTF-8, parsed); will try to load it.
2021-12-15 08:08:51,249 DEBUG [main] cache:45 - TemplateLoader.findTemplateSource("commons/commons-inject-js_en_IN.ftl"): Not found
2021-12-15 08:08:51,251 DEBUG [main] cache:45 - TemplateLoader.findTemplateSource("commons/commons-inject-js_en.ftl"): Not found
2021-12-15 08:08:51,253 DEBUG [main] cache:45 - TemplateLoader.findTemplateSource("commons/commons-inject-js.ftl"): Found
2021-12-15 08:08:51,254 DEBUG [main] cache:45 - Loading template for "commons/commons-inject-js.ftl"("en_IN", UTF-8, parsed) from "jar:file:/C:/Users/Lenovo/.m2/repository/com/aventstack/extentreports/5.0.8/extentreports-5.0.8.jar!/com/aventstack/extentreports/templates/commons/commons-inject-js.ftl"
2021-12-15 08:08:51,493 DEBUG [main] cache:45 - "spark/spark.spa.ftl"("en_IN", UTF-8, parsed) cached copy not yet stale; using cached.
2021-12-15 08:08:51,494 DEBUG [main] cache:45 - "commons/commons-variables.ftl"("en_IN", UTF-8, parsed) cached copy not yet stale; using cached.
2021-12-15 08:08:51,500 DEBUG [main] cache:45 - "commons/commons-macros.ftl"("en_IN", UTF-8, parsed) cached copy not yet stale; using cached.
2021-12-15 08:08:51,501 DEBUG [main] cache:45 - "spark/macros/attributes.ftl"("en_IN", UTF-8, parsed) cached copy not yet stale; using cached.
2021-12-15 08:08:51,501 DEBUG [main] cache:45 - "spark/macros/log.ftl"("en_IN", UTF-8, parsed) cached copy not yet stale; using cached.
2021-12-15 08:08:51,501 DEBUG [main] cache:45 - "spark/macros/recurse_nodes.ftl"("en_IN", UTF-8, parsed) cached copy not yet stale; using cached.
2021-12-15 08:08:51,502 DEBUG [main] cache:45 - "spark/macros/log.ftl"("en_IN", UTF-8, parsed) cached copy not yet stale; using cached.
2021-12-15 08:08:51,502 DEBUG [main] cache:45 - "spark/macros/attr-common.ftl"("en_IN", UTF-8, parsed) cached copy not yet stale; using cached.
2021-12-15 08:08:51,503 DEBUG [main] cache:45 - "spark/partials/head.ftl"("en_IN", UTF-8, parsed) cached copy not yet stale; using cached.
2021-12-15 08:08:51,504 DEBUG [main] cache:45 - "commons/commons-inject-css.ftl"("en_IN", UTF-8, parsed) cached copy not yet stale; using cached.
2021-12-15 08:08:51,505 DEBUG [main] cache:45 - "spark/partials/navbar.ftl"("en_IN", UTF-8, parsed) cached copy not yet stale; using cached.
2021-12-15 08:08:51,505 DEBUG [main] cache:45 - "spark/partials/sidenav.ftl"("en_IN", UTF-8, parsed) cached copy not yet stale; using cached.
2021-12-15 08:08:51,514 DEBUG [main] cache:45 - "spark/partials/test.ftl"("en_IN", UTF-8, parsed) cached copy not yet stale; using cached.
2021-12-15 08:08:51,517 DEBUG [main] cache:45 - "spark/partials/standard-content.ftl"("en_IN", UTF-8, parsed) cached copy not yet stale; using cached.
2021-12-15 08:08:51,525 DEBUG [main] cache:45 - "spark/partials/standard-content.ftl"("en_IN", UTF-8, parsed) cached copy not yet stale; using cached.
2021-12-15 08:08:51,528 DEBUG [main] cache:45 - "spark/partials/standard-content.ftl"("en_IN", UTF-8, parsed) cached copy not yet stale; using cached.
2021-12-15 08:08:51,531 DEBUG [main] cache:45 - "spark/partials/standard-content.ftl"("en_IN", UTF-8, parsed) cached copy not yet stale; using cached.
2021-12-15 08:08:51,535 DEBUG [main] cache:45 - "spark/partials/standard-content.ftl"("en_IN", UTF-8, parsed) cached copy not yet stale; using cached.
2021-12-15 08:08:51,542 DEBUG [main] cache:45 - "spark/partials/standard-content.ftl"("en_IN", UTF-8, parsed) cached copy not yet stale; using cached.
2021-12-15 08:08:51,565 DEBUG [main] cache:45 - "spark/partials/standard-content.ftl"("en_IN", UTF-8, parsed) cached copy not yet stale; using cached.
2021-12-15 08:08:51,624 DEBUG [main] cache:45 - "spark/partials/standard-content.ftl"("en_IN", UTF-8, parsed) cached copy not yet stale; using cached.
2021-12-15 08:08:51,626 DEBUG [main] cache:45 - "spark/partials/standard-content.ftl"("en_IN", UTF-8, parsed) cached copy not yet stale; using cached.
2021-12-15 08:08:51,628 DEBUG [main] cache:45 - "spark/partials/exception.ftl"("en_IN", UTF-8, parsed) cached copy not yet stale; using cached.
2021-12-15 08:08:51,628 DEBUG [main] cache:45 - "spark/partials/category.ftl"("en_IN", UTF-8, parsed) cached copy not yet stale; using cached.
2021-12-15 08:08:51,629 DEBUG [main] cache:45 - "spark/partials/device.ftl"("en_IN", UTF-8, parsed) cached copy not yet stale; using cached.
2021-12-15 08:08:51,633 DEBUG [main] cache:45 - "spark/partials/author.ftl"("en_IN", UTF-8, parsed) cached copy not yet stale; using cached.
2021-12-15 08:08:51,633 DEBUG [main] cache:45 - "spark/partials/log.ftl"("en_IN", UTF-8, parsed) cached copy not yet stale; using cached.
2021-12-15 08:08:51,634 DEBUG [main] cache:45 - "spark/partials/dashboard.ftl"("en_IN", UTF-8, parsed) cached copy not yet stale; using cached.
2021-12-15 08:08:51,644 DEBUG [main] cache:45 - "spark/partials/scripts.ftl"("en_IN", UTF-8, parsed) cached copy not yet stale; using cached.
2021-12-15 08:08:51,645 DEBUG [main] cache:45 - "commons/commons-inject-js.ftl"("en_IN", UTF-8, parsed) cached copy not yet stale; using cached.
2021-12-15 08:08:51,648 DEBUG [main] cache:45 - "spark/spark.spa.ftl"("en_IN", UTF-8, parsed) cached copy not yet stale; using cached.
2021-12-15 08:08:51,649 DEBUG [main] cache:45 - "commons/commons-variables.ftl"("en_IN", UTF-8, parsed) cached copy not yet stale; using cached.
2021-12-15 08:08:51,650 DEBUG [main] cache:45 - "commons/commons-macros.ftl"("en_IN", UTF-8, parsed) cached copy not yet stale; using cached.
2021-12-15 08:08:51,651 DEBUG [main] cache:45 - "spark/macros/attributes.ftl"("en_IN", UTF-8, parsed) cached copy not yet stale; using cached.
2021-12-15 08:08:51,651 DEBUG [main] cache:45 - "spark/macros/log.ftl"("en_IN", UTF-8, parsed) cached copy not yet stale; using cached.
2021-12-15 08:08:51,651 DEBUG [main] cache:45 - "spark/macros/recurse_nodes.ftl"("en_IN", UTF-8, parsed) cached copy not yet stale; using cached.
2021-12-15 08:08:51,651 DEBUG [main] cache:45 - "spark/macros/log.ftl"("en_IN", UTF-8, parsed) cached copy not yet stale; using cached.
2021-12-15 08:08:51,652 DEBUG [main] cache:45 - "spark/macros/attr-common.ftl"("en_IN", UTF-8, parsed) cached copy not yet stale; using cached.
2021-12-15 08:08:51,652 DEBUG [main] cache:45 - "spark/partials/head.ftl"("en_IN", UTF-8, parsed) cached copy not yet stale; using cached.
2021-12-15 08:08:51,652 DEBUG [main] cache:45 - "commons/commons-inject-css.ftl"("en_IN", UTF-8, parsed) cached copy not yet stale; using cached.
2021-12-15 08:08:51,653 DEBUG [main] cache:45 - "spark/partials/navbar.ftl"("en_IN", UTF-8, parsed) cached copy not yet stale; using cached.
2021-12-15 08:08:51,657 DEBUG [main] cache:45 - "spark/partials/sidenav.ftl"("en_IN", UTF-8, parsed) cached copy not yet stale; using cached.
2021-12-15 08:08:51,662 DEBUG [main] cache:45 - "spark/partials/test.ftl"("en_IN", UTF-8, parsed) cached copy not yet stale; using cached.
2021-12-15 08:08:51,665 DEBUG [main] cache:45 - "spark/partials/standard-content.ftl"("en_IN", UTF-8, parsed) cached copy not yet stale; using cached.
2021-12-15 08:08:51,667 DEBUG [main] cache:45 - "spark/partials/standard-content.ftl"("en_IN", UTF-8, parsed) cached copy not yet stale; using cached.
2021-12-15 08:08:51,669 DEBUG [main] cache:45 - "spark/partials/standard-content.ftl"("en_IN", UTF-8, parsed) cached copy not yet stale; using cached.
2021-12-15 08:08:51,671 DEBUG [main] cache:45 - "spark/partials/standard-content.ftl"("en_IN", UTF-8, parsed) cached copy not yet stale; using cached.
2021-12-15 08:08:51,673 DEBUG [main] cache:45 - "spark/partials/standard-content.ftl"("en_IN", UTF-8, parsed) cached copy not yet stale; using cached.
2021-12-15 08:08:51,677 DEBUG [main] cache:45 - "spark/partials/standard-content.ftl"("en_IN", UTF-8, parsed) cached copy not yet stale; using cached.
2021-12-15 08:08:51,683 DEBUG [main] cache:45 - "spark/partials/standard-content.ftl"("en_IN", UTF-8, parsed) cached copy not yet stale; using cached.
2021-12-15 08:08:51,685 DEBUG [main] cache:45 - "spark/partials/standard-content.ftl"("en_IN", UTF-8, parsed) cached copy not yet stale; using cached.
2021-12-15 08:08:51,686 DEBUG [main] cache:45 - "spark/partials/standard-content.ftl"("en_IN", UTF-8, parsed) cached copy not yet stale; using cached.
2021-12-15 08:08:51,687 DEBUG [main] cache:45 - "spark/partials/exception.ftl"("en_IN", UTF-8, parsed) cached copy not yet stale; using cached.
2021-12-15 08:08:51,688 DEBUG [main] cache:45 - "spark/partials/category.ftl"("en_IN", UTF-8, parsed) cached copy not yet stale; using cached.
2021-12-15 08:08:51,689 DEBUG [main] cache:45 - "spark/partials/device.ftl"("en_IN", UTF-8, parsed) cached copy not yet stale; using cached.
2021-12-15 08:08:51,689 DEBUG [main] cache:45 - "spark/partials/author.ftl"("en_IN", UTF-8, parsed) cached copy not yet stale; using cached.
2021-12-15 08:08:51,690 DEBUG [main] cache:45 - "spark/partials/log.ftl"("en_IN", UTF-8, parsed) cached copy not yet stale; using cached.
2021-12-15 08:08:51,690 DEBUG [main] cache:45 - "spark/partials/dashboard.ftl"("en_IN", UTF-8, parsed) cached copy not yet stale; using cached.
2021-12-15 08:08:51,693 DEBUG [main] cache:45 - "spark/partials/scripts.ftl"("en_IN", UTF-8, parsed) cached copy not yet stale; using cached.
2021-12-15 08:08:51,694 DEBUG [main] cache:45 - "commons/commons-inject-js.ftl"("en_IN", UTF-8, parsed) cached copy not yet stale; using cached.
2021-12-15 08:08:51,701 DEBUG [main] cache:45 - "spark/spark.spa.ftl"("en_IN", UTF-8, parsed) cached copy not yet stale; using cached.
2021-12-15 08:08:51,702 DEBUG [main] cache:45 - "commons/commons-variables.ftl"("en_IN", UTF-8, parsed) cached copy not yet stale; using cached.
2021-12-15 08:08:51,707 DEBUG [main] cache:45 - "commons/commons-macros.ftl"("en_IN", UTF-8, parsed) cached copy not yet stale; using cached.
2021-12-15 08:08:51,708 DEBUG [main] cache:45 - "spark/macros/attributes.ftl"("en_IN", UTF-8, parsed) cached copy not yet stale; using cached.
2021-12-15 08:08:51,708 DEBUG [main] cache:45 - "spark/macros/log.ftl"("en_IN", UTF-8, parsed) cached copy not yet stale; using cached.
2021-12-15 08:08:51,709 DEBUG [main] cache:45 - "spark/macros/recurse_nodes.ftl"("en_IN", UTF-8, parsed) cached copy not yet stale; using cached.
2021-12-15 08:08:51,709 DEBUG [main] cache:45 - "spark/macros/log.ftl"("en_IN", UTF-8, parsed) cached copy not yet stale; using cached.
2021-12-15 08:08:51,710 DEBUG [main] cache:45 - "spark/macros/attr-common.ftl"("en_IN", UTF-8, parsed) cached copy not yet stale; using cached.
2021-12-15 08:08:51,710 DEBUG [main] cache:45 - "spark/partials/head.ftl"("en_IN", UTF-8, parsed) cached copy not yet stale; using cached.
2021-12-15 08:08:51,711 DEBUG [main] cache:45 - "commons/commons-inject-css.ftl"("en_IN", UTF-8, parsed) cached copy not yet stale; using cached.
2021-12-15 08:08:51,711 DEBUG [main] cache:45 - "spark/partials/navbar.ftl"("en_IN", UTF-8, parsed) cached copy not yet stale; using cached.
2021-12-15 08:08:51,712 DEBUG [main] cache:45 - "spark/partials/sidenav.ftl"("en_IN", UTF-8, parsed) cached copy not yet stale; using cached.
2021-12-15 08:08:51,714 DEBUG [main] cache:45 - "spark/partials/test.ftl"("en_IN", UTF-8, parsed) cached copy not yet stale; using cached.
2021-12-15 08:08:51,725 DEBUG [main] cache:45 - "spark/partials/standard-content.ftl"("en_IN", UTF-8, parsed) cached copy not yet stale; using cached.
2021-12-15 08:08:51,727 DEBUG [main] cache:45 - "spark/partials/standard-content.ftl"("en_IN", UTF-8, parsed) cached copy not yet stale; using cached.
2021-12-15 08:08:51,729 DEBUG [main] cache:45 - "spark/partials/standard-content.ftl"("en_IN", UTF-8, parsed) cached copy not yet stale; using cached.
2021-12-15 08:08:51,737 DEBUG [main] cache:45 - "spark/partials/standard-content.ftl"("en_IN", UTF-8, parsed) cached copy not yet stale; using cached.
2021-12-15 08:08:51,742 DEBUG [main] cache:45 - "spark/partials/standard-content.ftl"("en_IN", UTF-8, parsed) cached copy not yet stale; using cached.
2021-12-15 08:08:51,744 DEBUG [main] cache:45 - "spark/partials/standard-content.ftl"("en_IN", UTF-8, parsed) cached copy not yet stale; using cached.
2021-12-15 08:08:51,746 DEBUG [main] cache:45 - "spark/partials/standard-content.ftl"("en_IN", UTF-8, parsed) cached copy not yet stale; using cached.
2021-12-15 08:08:51,748 DEBUG [main] cache:45 - "spark/partials/standard-content.ftl"("en_IN", UTF-8, parsed) cached copy not yet stale; using cached.
2021-12-15 08:08:51,749 DEBUG [main] cache:45 - "spark/partials/standard-content.ftl"("en_IN", UTF-8, parsed) cached copy not yet stale; using cached.
2021-12-15 08:08:51,750 DEBUG [main] cache:45 - "spark/partials/exception.ftl"("en_IN", UTF-8, parsed) cached copy not yet stale; using cached.
2021-12-15 08:08:51,751 DEBUG [main] cache:45 - "spark/partials/category.ftl"("en_IN", UTF-8, parsed) cached copy not yet stale; using cached.
2021-12-15 08:08:51,752 DEBUG [main] cache:45 - "spark/partials/device.ftl"("en_IN", UTF-8, parsed) cached copy not yet stale; using cached.
2021-12-15 08:08:51,752 DEBUG [main] cache:45 - "spark/partials/author.ftl"("en_IN", UTF-8, parsed) cached copy not yet stale; using cached.
2021-12-15 08:08:51,753 DEBUG [main] cache:45 - "spark/partials/log.ftl"("en_IN", UTF-8, parsed) cached copy not yet stale; using cached.
2021-12-15 08:08:51,753 DEBUG [main] cache:45 - "spark/partials/dashboard.ftl"("en_IN", UTF-8, parsed) cached copy not yet stale; using cached.
2021-12-15 08:08:51,758 DEBUG [main] cache:45 - "spark/partials/scripts.ftl"("en_IN", UTF-8, parsed) cached copy not yet stale; using cached.
2021-12-15 08:08:51,759 DEBUG [main] cache:45 - "commons/commons-inject-js.ftl"("en_IN", UTF-8, parsed) cached copy not yet stale; using cached.
2021-12-15 08:08:51,763 DEBUG [main] cache:45 - "spark/spark.spa.ftl"("en_IN", UTF-8, parsed) cached copy not yet stale; using cached.
2021-12-15 08:08:51,764 DEBUG [main] cache:45 - "commons/commons-variables.ftl"("en_IN", UTF-8, parsed) cached copy not yet stale; using cached.
2021-12-15 08:08:51,765 DEBUG [main] cache:45 - "commons/commons-macros.ftl"("en_IN", UTF-8, parsed) cached copy not yet stale; using cached.
2021-12-15 08:08:51,765 DEBUG [main] cache:45 - "spark/macros/attributes.ftl"("en_IN", UTF-8, parsed) cached copy not yet stale; using cached.
2021-12-15 08:08:51,766 DEBUG [main] cache:45 - "spark/macros/log.ftl"("en_IN", UTF-8, parsed) cached copy not yet stale; using cached.
2021-12-15 08:08:51,766 DEBUG [main] cache:45 - "spark/macros/recurse_nodes.ftl"("en_IN", UTF-8, parsed) cached copy not yet stale; using cached.
2021-12-15 08:08:51,773 DEBUG [main] cache:45 - "spark/macros/log.ftl"("en_IN", UTF-8, parsed) cached copy not yet stale; using cached.
2021-12-15 08:08:51,779 DEBUG [main] cache:45 - "spark/macros/attr-common.ftl"("en_IN", UTF-8, parsed) cached copy not yet stale; using cached.
2021-12-15 08:08:51,780 DEBUG [main] cache:45 - "spark/partials/head.ftl"("en_IN", UTF-8, parsed) cached copy not yet stale; using cached.
2021-12-15 08:08:51,780 DEBUG [main] cache:45 - "commons/commons-inject-css.ftl"("en_IN", UTF-8, parsed) cached copy not yet stale; using cached.
2021-12-15 08:08:51,781 DEBUG [main] cache:45 - "spark/partials/navbar.ftl"("en_IN", UTF-8, parsed) cached copy not yet stale; using cached.
2021-12-15 08:08:51,781 DEBUG [main] cache:45 - "spark/partials/sidenav.ftl"("en_IN", UTF-8, parsed) cached copy not yet stale; using cached.
2021-12-15 08:08:51,783 DEBUG [main] cache:45 - "spark/partials/test.ftl"("en_IN", UTF-8, parsed) cached copy not yet stale; using cached.
2021-12-15 08:08:51,785 DEBUG [main] cache:45 - "spark/partials/standard-content.ftl"("en_IN", UTF-8, parsed) cached copy not yet stale; using cached.
2021-12-15 08:08:51,787 DEBUG [main] cache:45 - "spark/partials/standard-content.ftl"("en_IN", UTF-8, parsed) cached copy not yet stale; using cached.
2021-12-15 08:08:51,788 DEBUG [main] cache:45 - "spark/partials/standard-content.ftl"("en_IN", UTF-8, parsed) cached copy not yet stale; using cached.
2021-12-15 08:08:51,790 DEBUG [main] cache:45 - "spark/partials/standard-content.ftl"("en_IN", UTF-8, parsed) cached copy not yet stale; using cached.
2021-12-15 08:08:51,791 DEBUG [main] cache:45 - "spark/partials/standard-content.ftl"("en_IN", UTF-8, parsed) cached copy not yet stale; using cached.
2021-12-15 08:08:51,793 DEBUG [main] cache:45 - "spark/partials/standard-content.ftl"("en_IN", UTF-8, parsed) cached copy not yet stale; using cached.
2021-12-15 08:08:51,794 DEBUG [main] cache:45 - "spark/partials/standard-content.ftl"("en_IN", UTF-8, parsed) cached copy not yet stale; using cached.
2021-12-15 08:08:51,795 DEBUG [main] cache:45 - "spark/partials/standard-content.ftl"("en_IN", UTF-8, parsed) cached copy not yet stale; using cached.
2021-12-15 08:08:51,797 DEBUG [main] cache:45 - "spark/partials/standard-content.ftl"("en_IN", UTF-8, parsed) cached copy not yet stale; using cached.
2021-12-15 08:08:51,798 DEBUG [main] cache:45 - "spark/partials/exception.ftl"("en_IN", UTF-8, parsed) cached copy not yet stale; using cached.
2021-12-15 08:08:51,798 DEBUG [main] cache:45 - "spark/partials/category.ftl"("en_IN", UTF-8, parsed) cached copy not yet stale; using cached.
2021-12-15 08:08:51,799 DEBUG [main] cache:45 - "spark/partials/device.ftl"("en_IN", UTF-8, parsed) cached copy not yet stale; using cached.
2021-12-15 08:08:51,800 DEBUG [main] cache:45 - "spark/partials/author.ftl"("en_IN", UTF-8, parsed) cached copy not yet stale; using cached.
2021-12-15 08:08:51,800 DEBUG [main] cache:45 - "spark/partials/log.ftl"("en_IN", UTF-8, parsed) cached copy not yet stale; using cached.
2021-12-15 08:08:51,801 DEBUG [main] cache:45 - "spark/partials/dashboard.ftl"("en_IN", UTF-8, parsed) cached copy not yet stale; using cached.
2021-12-15 08:08:51,808 DEBUG [main] cache:45 - "spark/partials/scripts.ftl"("en_IN", UTF-8, parsed) cached copy not yet stale; using cached.
2021-12-15 08:08:51,809 DEBUG [main] cache:45 - "commons/commons-inject-js.ftl"("en_IN", UTF-8, parsed) cached copy not yet stale; using cached.
2021-12-15 08:08:51,814 DEBUG [main] cache:45 - "spark/spark.spa.ftl"("en_IN", UTF-8, parsed) cached copy not yet stale; using cached.
2021-12-15 08:08:52,156 DEBUG [main] cache:45 - "commons/commons-variables.ftl"("en_IN", UTF-8, parsed) cached copy not yet stale; using cached.
2021-12-15 08:08:52,158 DEBUG [main] cache:45 - "commons/commons-macros.ftl"("en_IN", UTF-8, parsed) cached copy not yet stale; using cached.
2021-12-15 08:08:52,159 DEBUG [main] cache:45 - "spark/macros/attributes.ftl"("en_IN", UTF-8, parsed) cached copy not yet stale; using cached.
2021-12-15 08:08:52,175 DEBUG [main] cache:45 - "spark/macros/log.ftl"("en_IN", UTF-8, parsed) cached copy not yet stale; using cached.
2021-12-15 08:08:52,175 DEBUG [main] cache:45 - "spark/macros/recurse_nodes.ftl"("en_IN", UTF-8, parsed) cached copy not yet stale; using cached.
2021-12-15 08:08:52,180 DEBUG [main] cache:45 - "spark/macros/log.ftl"("en_IN", UTF-8, parsed) cached copy not yet stale; using cached.
2021-12-15 08:08:52,180 DEBUG [main] cache:45 - "spark/macros/attr-common.ftl"("en_IN", UTF-8, parsed) cached copy not yet stale; using cached.
2021-12-15 08:08:52,181 DEBUG [main] cache:45 - "spark/partials/head.ftl"("en_IN", UTF-8, parsed) cached copy not yet stale; using cached.
2021-12-15 08:08:52,181 DEBUG [main] cache:45 - "commons/commons-inject-css.ftl"("en_IN", UTF-8, parsed) cached copy not yet stale; using cached.
2021-12-15 08:08:52,182 DEBUG [main] cache:45 - "spark/partials/navbar.ftl"("en_IN", UTF-8, parsed) cached copy not yet stale; using cached.
2021-12-15 08:08:52,182 DEBUG [main] cache:45 - "spark/partials/sidenav.ftl"("en_IN", UTF-8, parsed) cached copy not yet stale; using cached.
2021-12-15 08:08:52,183 DEBUG [main] cache:45 - "spark/partials/test.ftl"("en_IN", UTF-8, parsed) cached copy not yet stale; using cached.
2021-12-15 08:08:52,187 DEBUG [main] cache:45 - "spark/partials/standard-content.ftl"("en_IN", UTF-8, parsed) cached copy not yet stale; using cached.
2021-12-15 08:08:52,189 DEBUG [main] cache:45 - "spark/partials/standard-content.ftl"("en_IN", UTF-8, parsed) cached copy not yet stale; using cached.
2021-12-15 08:08:52,190 DEBUG [main] cache:45 - "spark/partials/standard-content.ftl"("en_IN", UTF-8, parsed) cached copy not yet stale; using cached.
2021-12-15 08:08:52,191 DEBUG [main] cache:45 - "spark/partials/standard-content.ftl"("en_IN", UTF-8, parsed) cached copy not yet stale; using cached.
2021-12-15 08:08:52,193 DEBUG [main] cache:45 - "spark/partials/standard-content.ftl"("en_IN", UTF-8, parsed) cached copy not yet stale; using cached.
2021-12-15 08:08:52,194 DEBUG [main] cache:45 - "spark/partials/standard-content.ftl"("en_IN", UTF-8, parsed) cached copy not yet stale; using cached.
2021-12-15 08:08:52,196 DEBUG [main] cache:45 - "spark/partials/standard-content.ftl"("en_IN", UTF-8, parsed) cached copy not yet stale; using cached.
2021-12-15 08:08:52,198 DEBUG [main] cache:45 - "spark/partials/standard-content.ftl"("en_IN", UTF-8, parsed) cached copy not yet stale; using cached.
2021-12-15 08:08:52,200 DEBUG [main] cache:45 - "spark/partials/standard-content.ftl"("en_IN", UTF-8, parsed) cached copy not yet stale; using cached.
2021-12-15 08:08:52,201 DEBUG [main] cache:45 - "spark/partials/exception.ftl"("en_IN", UTF-8, parsed) cached copy not yet stale; using cached.
2021-12-15 08:08:52,203 DEBUG [main] cache:45 - "spark/partials/category.ftl"("en_IN", UTF-8, parsed) cached copy not yet stale; using cached.
2021-12-15 08:08:52,204 DEBUG [main] cache:45 - "spark/partials/device.ftl"("en_IN", UTF-8, parsed) cached copy not yet stale; using cached.
2021-12-15 08:08:52,204 DEBUG [main] cache:45 - "spark/partials/author.ftl"("en_IN", UTF-8, parsed) cached copy not yet stale; using cached.
2021-12-15 08:08:52,205 DEBUG [main] cache:45 - "spark/partials/log.ftl"("en_IN", UTF-8, parsed) cached copy not yet stale; using cached.
2021-12-15 08:08:52,205 DEBUG [main] cache:45 - "spark/partials/dashboard.ftl"("en_IN", UTF-8, parsed) cached copy not yet stale; using cached.
2021-12-15 08:08:52,221 DEBUG [main] cache:45 - "spark/partials/scripts.ftl"("en_IN", UTF-8, parsed) cached copy not yet stale; using cached.
2021-12-15 08:08:52,221 DEBUG [main] cache:45 - "commons/commons-inject-js.ftl"("en_IN", UTF-8, parsed) cached copy not yet stale; using cached.
